<?xml version="1.0" encoding="UTF-8"?>
<!-- Generated by org.testng.reporters.JUnitXMLReporter -->
<testsuite ignored="0" hostname="Govi-PC" failures="1" tests="1" name="FirefoxTest" time="6.711" errors="0" timestamp="2024-11-27T01:55:47 IST">
  <testcase classname="TestCases.TC001_AccountRegistration" name="VerifyRegistrationFunctionality" time="0.515">
    <failure type="java.lang.AssertionError" message="Test failed: Element &amp;lt;a href=&amp;quot;https://tutorialsninja.com/demo/index.php?route=account/register&amp;quot;&amp;gt; could not be scrolled into view
Build info: version: &amp;apos;4.20.0&amp;apos;, revision: &amp;apos;866c76ca80&amp;apos;
System info: os.name: &amp;apos;Windows 10&amp;apos;, os.arch: &amp;apos;amd64&amp;apos;, os.version: &amp;apos;10.0&amp;apos;, java.version: &amp;apos;22.0.2&amp;apos;
Driver info: org.openqa.selenium.firefox.FirefoxDriver
Command: [b7346f91-085d-4d98-8506-f26b0ca26c5f, clickElement {id=2bd9bdd1-2764-4dd5-9599-917e7a3d0682}]
Capabilities {acceptInsecureCerts: true, browserName: firefox, browserVersion: 133.0, moz:accessibilityChecks: false, moz:buildID: 20241121140525, moz:geckodriverVersion: 0.35.0, moz:headless: false, moz:platformVersion: 10.0, moz:processID: 30256, moz:profile: C:\Users\asus\AppData\Local..., moz:shutdownTimeout: 60000, moz:webdriverClick: true, moz:windowless: false, pageLoadStrategy: normal, platformName: windows, proxy: Proxy(), setWindowRect: true, strictFileInteractability: false, timeouts: {implicit: 0, pageLoad: 300000, script: 30000}, unhandledPromptBehavior: dismiss and notify, userAgent: Mozilla/5.0 (Windows NT 10....}
Element: [[FirefoxDriver: firefox on windows (b7346f91-085d-4d98-8506-f26b0ca26c5f)] -&amp;gt; xpath: //a[text()=&amp;apos;Register&amp;apos;]]
Session ID: b7346f91-085d-4d98-8506-f26b0ca26c5f">
      <![CDATA[java.lang.AssertionError: Test failed: Element <a href="https://tutorialsninja.com/demo/index.php?route=account/register"> could not be scrolled into view
Build info: version: '4.20.0', revision: '866c76ca80'
System info: os.name: 'Windows 10', os.arch: 'amd64', os.version: '10.0', java.version: '22.0.2'
Driver info: org.openqa.selenium.firefox.FirefoxDriver
Command: [b7346f91-085d-4d98-8506-f26b0ca26c5f, clickElement {id=2bd9bdd1-2764-4dd5-9599-917e7a3d0682}]
Capabilities {acceptInsecureCerts: true, browserName: firefox, browserVersion: 133.0, moz:accessibilityChecks: false, moz:buildID: 20241121140525, moz:geckodriverVersion: 0.35.0, moz:headless: false, moz:platformVersion: 10.0, moz:processID: 30256, moz:profile: C:\Users\asus\AppData\Local..., moz:shutdownTimeout: 60000, moz:webdriverClick: true, moz:windowless: false, pageLoadStrategy: normal, platformName: windows, proxy: Proxy(), setWindowRect: true, strictFileInteractability: false, timeouts: {implicit: 0, pageLoad: 300000, script: 30000}, unhandledPromptBehavior: dismiss and notify, userAgent: Mozilla/5.0 (Windows NT 10....}
Element: [[FirefoxDriver: firefox on windows (b7346f91-085d-4d98-8506-f26b0ca26c5f)] -> xpath: //a[text()='Register']]
Session ID: b7346f91-085d-4d98-8506-f26b0ca26c5f
at TestCases.TC001_AccountRegistration.VerifyRegistrationFunctionality(TC001_AccountRegistration.java:54)
at java.base/java.util.ArrayList.forEach(ArrayList.java:1597)
at java.base/java.util.concurrent.FutureTask.run(FutureTask.java:317)
at java.base/java.util.concurrent.ThreadPoolExecutor.runWorker(ThreadPoolExecutor.java:1144)
at java.base/java.util.concurrent.ThreadPoolExecutor$Worker.run(ThreadPoolExecutor.java:642)
at java.base/java.lang.Thread.run(Thread.java:1570)
... Removed 16 stack frames]]>
    </failure>
  </testcase> <!-- VerifyRegistrationFunctionality -->
</testsuite> <!-- FirefoxTest -->
